start log
 start AES encrypt at Thu Mar 17 22:49:41 2022
 start AES encrypt at Thu Mar 17 22:54:58 2022
 start AES encrypt at Thu Mar 17 22:56:31 2022
 start AES encrypt at Thu Mar 17 22:57:13 2022
 start AES encrypt at Thu Mar 17 22:58:38 2022
 start AES encrypt at Thu Mar 17 22:59:18 2022
 start AES encrypt at Thu Mar 17 23:00:54 2022
 start AES encrypt at Thu Mar 17 23:01:19 2022
 start AES encrypt at Thu Mar 17 23:05:07 2022
 start AES encrypt at Thu Mar 17 23:05:37 2022
 start AES encrypt at Thu Mar 17 23:07:06 2022
 start AES encrypt at Thu Mar 17 23:07:30 2022
 start AES encrypt at Thu Mar 17 23:10:49 2022
 starting AES 256 encrypt at Thu Mar 17 23:36:36 2022
 ending AES 256 encrypt at Thu Mar 17 23:36:36 2022
 starting AES 256 encrypt at Thu Mar 17 23:37:16 2022
 ending AES 256 encrypt at Thu Mar 17 23:37:16 2022
 starting AES 256 encrypt at Thu Mar 17 23:39:53 2022
 ending AES 256 encrypt at Thu Mar 17 23:39:54 2022
 starting AES 256 encrypt at Thu Mar 17 23:40:28 2022
 ending AES 256 encrypt at Thu Mar 17 23:40:29 2022
 starting AES 256 encrypt at Thu Mar 17 23:40:47 2022
 ending AES 256 encrypt at Thu Mar 17 23:40:48 2022
 starting AES 256 encrypt at Thu Mar 17 23:42:44 2022
 ending AES 256 encrypt at Thu Mar 17 23:42:45 2022
 starting AES 256 encrypt at Thu Mar 17 23:48:11 2022
 ending AES 256 encrypt at Thu Mar 17 23:48:12 2022
 starting AES 256 encrypt of 20 bytes at Wed Mar 30 16:52:59 2022
 starting AES 256 encrypt of 20 bytes at Wed Mar 30 16:57:17 2022
 starting AES 256 encrypt of 20 bytes at Wed Mar 30 17:02:59 2022
 starting AES 256 encrypt of 20 bytes at Wed Mar 30 17:03:36 2022
 starting AES 256 encrypt of 20 bytes at Wed Mar 30 17:05:02 2022
 starting AES 256 encrypt of 20 bytes at Wed Mar 30 17:05:50 2022
 ending AES 256 encrypt of 20 bytes at Wed Mar 30 17:05:51 2022
 starting AES 256 encrypt of 20 bytes at Wed Mar 30 17:07:31 2022
 ending AES 256 encrypt of 20 bytes at Wed Mar 30 17:07:32 2022
 starting AES 256 encrypt of 20 bytes at Wed Mar 30 17:33:03 2022
 ending AES 256 encrypt of 20 bytes at Wed Mar 30 17:33:04 2022
 starting AES 256 encrypt of 20 bytes at Wed Mar 30 18:05:33 2022
 ending AES 256 encrypt of 20 bytes at Wed Mar 30 18:05:34 2022
starting AES 256 encrypt of 20 bytes at Wed Mar 30 18:18:25 2022
ending AES 256 encrypt of 20 bytes at Wed Mar 30 18:18:26 2022
starting AES 256 encrypt of 20 bytes at Wed Mar 30 19:41:46 2022
ending AES 256 encrypt of 20 bytes at Wed Mar 30 19:41:47 2022
starting AES 256 encrypt of 20 bytes at Wed Mar 30 19:58:43 2022
ending AES 256 encrypt of 20 bytes at Wed Mar 30 19:58:44 2022
starting AES 256 encrypt of 20 bytes at Wed Mar 30 19:59:30 2022
ending AES 256 encrypt of 20 bytes at Wed Mar 30 19:59:31 2022
starting AES 256 encrypt of 20 bytes at Wed Mar 30 20:04:00 2022
ending AES 256 encrypt of 20 bytes at Wed Mar 30 20:04:01 2022
starting AES 256 encrypt of 1048687 bytes at Wed Mar 30 20:18:06 2022
ending AES 256 encrypt of 1048687 bytes at Wed Mar 30 20:18:07 2022
starting AES 256 encrypt of 1048687 bytes at Wed Mar 30 20:20:33 2022
ending AES 256 encrypt of 1048687 bytes at Wed Mar 30 20:20:34 2022
starting AES 256 encrypt of 1048687 bytes at Wed Mar 30 21:07:16 2022
ending AES 256 encrypt of 1048687 bytes at Wed Mar 30 21:07:17 2022
starting AES 256 encrypt of 20 bytes at Wed Mar 30 21:24:19 2022
ending AES 256 encrypt of 20 bytes at Wed Mar 30 21:24:20 2022
starting AES 256 encrypt of 20 bytes at Mon Apr  4 19:00:13 2022
ending AES 256 encrypt of 20 bytes at Mon Apr  4 19:00:14 2022
starting AES 256 encrypt of 20 bytes at Fri Apr 22 17:56:54 2022
ending AES 256 encrypt of 20 bytes at Fri Apr 22 17:56:55 2022
starting AES 256 encrypt of 1048687 bytes at Fri Apr 22 18:46:19 2022
ending AES 256 encrypt of 1048687 bytes at Fri Apr 22 18:46:20 2022
starting AES 256 encrypt of 1048687 bytes at Sun Apr 24 13:14:58 2022
ending AES 256 encrypt of 1048687 bytes at Sun Apr 24 13:14:59 2022
starting MD5 encode of 14 bytes at Mon Apr 25 03:45:05 2022
starting MD5 encode of 14 bytes at Mon Apr 25 03:45:06 2022
starting MD5 encode of 14 bytes at Mon Apr 25 03:45:08 2022
starting MD5 encode of 14 bytes at Mon Apr 25 03:45:10 2022
starting MD5 encode of 14 bytes at Mon Apr 25 03:45:10 2022
starting MD5 encode of 14 bytes at Mon Apr 25 03:45:11 2022
starting MD5 encode of 14 bytes at Mon Apr 25 03:45:11 2022
starting MD5 Pycryptodome encode of 15 bytes at Mon Apr 25 03:45:11 2022
starting MD5 Pycryptodome encode of 15 bytes at Mon Apr 25 03:45:11 2022
starting MD5 Pycryptodome encode of 15 bytes at Mon Apr 25 03:45:11 2022
starting MD5 Pycryptodome encode of 15 bytes at Mon Apr 25 03:45:11 2022
starting MD5 Pycryptodome encode of 15 bytes at Mon Apr 25 03:45:11 2022
starting MD5 Pycryptodome encode of 15 bytes at Mon Apr 25 03:45:11 2022
starting MD5 encode of 14 bytes at Mon Apr 25 03:45:37 2022
starting MD5 encode of 14 bytes at Mon Apr 25 03:45:38 2022
starting MD5 encode of 14 bytes at Mon Apr 25 03:45:38 2022
starting MD5 encode of 14 bytes at Mon Apr 25 03:45:41 2022
starting MD5 encode of 14 bytes at Mon Apr 25 03:45:42 2022
starting MD5 encode of 14 bytes at Mon Apr 25 03:45:43 2022
starting MD5 encode of 14 bytes at Mon Apr 25 03:45:43 2022
starting MD5 Pycryptodome encode of 15 bytes at Mon Apr 25 03:45:43 2022
starting MD5 Pycryptodome encode of 15 bytes at Mon Apr 25 03:45:43 2022
starting MD5 Pycryptodome encode of 15 bytes at Mon Apr 25 03:45:43 2022
starting MD5 Pycryptodome encode of 15 bytes at Mon Apr 25 03:45:43 2022
starting MD5 Pycryptodome encode of 15 bytes at Mon Apr 25 03:45:43 2022
starting MD5 Pycryptodome encode of 15 bytes at Mon Apr 25 03:45:43 2022
starting MD5 encode of 14 bytes at Mon Apr 25 03:45:54 2022
starting MD5 encode of 14 bytes at Mon Apr 25 03:45:55 2022
starting MD5 encode of 14 bytes at Mon Apr 25 03:45:58 2022
starting MD5 encode of 22 bytes at Mon Apr 25 03:47:33 2022
starting MD5 encode of 22 bytes at Mon Apr 25 03:48:42 2022
starting MD5 encode of 22 bytes at Mon Apr 25 03:48:46 2022
starting MD5 encode of 22 bytes at Mon Apr 25 03:48:49 2022
starting MD5 encode of 22 bytes at Mon Apr 25 03:50:14 2022
starting MD5 encode of 22 bytes at Mon Apr 25 03:50:14 2022
starting MD5 encode of 22 bytes at Mon Apr 25 03:50:14 2022
starting MD5 encode of 22 bytes at Mon Apr 25 03:50:14 2022
starting MD5 encode of 22 bytes at Mon Apr 25 03:50:15 2022
starting MD5 encode of 22 bytes at Mon Apr 25 03:50:19 2022
starting MD5 Pycryptodome encode of 15 bytes at Mon Apr 25 03:50:19 2022
starting MD5 Pycryptodome encode of 15 bytes at Mon Apr 25 03:50:19 2022
starting MD5 Pycryptodome encode of 15 bytes at Mon Apr 25 03:50:19 2022
starting MD5 encode of 22 bytes at Mon Apr 25 03:51:04 2022
starting MD5 encode of 22 bytes at Mon Apr 25 03:51:07 2022
starting MD5 encode of 22 bytes at Mon Apr 25 03:51:10 2022
starting MD5 encode of 22 bytes at Mon Apr 25 03:51:12 2022
starting MD5 encode of 22 bytes at Mon Apr 25 03:51:12 2022
starting MD5 encode of 22 bytes at Mon Apr 25 03:51:13 2022
starting MD5 Pycryptodome encode of 15 bytes at Mon Apr 25 03:51:13 2022
starting MD5 Pycryptodome encode of 15 bytes at Mon Apr 25 03:51:13 2022
starting MD5 Pycryptodome encode of 15 bytes at Mon Apr 25 03:51:13 2022
starting MD5 Pycryptodome encode of 15 bytes at Mon Apr 25 03:51:13 2022
starting MD5 Pycryptodome encode of 15 bytes at Mon Apr 25 03:51:13 2022
starting MD5 encode of 22 bytes at Mon Apr 25 03:54:25 2022
starting MD5 encode of 22 bytes at Mon Apr 25 03:54:25 2022
starting MD5 encode of 22 bytes at Mon Apr 25 03:54:28 2022
starting MD5 encode of 22 bytes at Mon Apr 25 03:54:32 2022
starting MD5 encode of 22 bytes at Mon Apr 25 03:54:35 2022
starting MD5 encode of 22 bytes at Mon Apr 25 03:54:37 2022
starting MD5 Pycryptodome encode of 15 bytes at Mon Apr 25 03:54:37 2022
starting MD5 Pycryptodome encode of 15 bytes at Mon Apr 25 03:54:37 2022
starting MD5 encode of 22 bytes at Mon Apr 25 03:55:53 2022
starting MD5 encode of 22 bytes at Mon Apr 25 03:55:53 2022
starting MD5 encode of 22 bytes at Mon Apr 25 03:55:58 2022
starting MD5 encode of 22 bytes at Mon Apr 25 03:56:02 2022
starting MD5 encode of 22 bytes at Mon Apr 25 03:56:05 2022
starting MD5 encode of 22 bytes at Mon Apr 25 03:56:06 2022
starting MD5 Pycryptodome encode of 15 bytes at Mon Apr 25 03:56:06 2022
starting MD5 Pycryptodome encode of 15 bytes at Mon Apr 25 03:56:06 2022
starting MD5 encode of 22 bytes at Mon Apr 25 03:59:10 2022
starting MD5 encode of 30 bytes at Mon Apr 25 03:59:10 2022
starting MD5 encode of 22 bytes at Mon Apr 25 03:59:14 2022
starting MD5 encode of 22 bytes at Mon Apr 25 03:59:30 2022
starting MD5 encode of 22 bytes at Mon Apr 25 03:59:31 2022
starting MD5 encode of 22 bytes at Mon Apr 25 03:59:33 2022
starting MD5 Pycryptodome encode of 15 bytes at Mon Apr 25 03:59:33 2022
starting MD5 Pycryptodome encode of 15 bytes at Mon Apr 25 03:59:33 2022
starting MD5 Pycryptodome encode of 15 bytes at Mon Apr 25 03:59:33 2022
starting MD5 encode of 21 bytes at Mon Apr 25 03:59:33 2022
starting MD5 encode of 22 bytes at Mon Apr 25 04:00:31 2022
starting MD5 encode of 22 bytes at Mon Apr 25 04:00:38 2022
starting MD5 encode of 22 bytes at Mon Apr 25 04:00:39 2022
starting MD5 encode of 22 bytes at Mon Apr 25 04:00:44 2022
starting MD5 encode of 30 bytes at Mon Apr 25 04:00:45 2022
starting MD5 encode of 22 bytes at Mon Apr 25 04:00:49 2022
starting MD5 Pycryptodome encode of 15 bytes at Mon Apr 25 04:00:49 2022
starting MD5 Pycryptodome encode of 15 bytes at Mon Apr 25 04:00:49 2022
starting MD5 Pycryptodome encode of 15 bytes at Mon Apr 25 04:00:49 2022
starting MD5 Pycryptodome encode of 15 bytes at Mon Apr 25 04:00:49 2022
starting MD5 Pycryptodome encode of 15 bytes at Mon Apr 25 04:00:49 2022
starting MD5 Pycryptodome encode of 15 bytes at Mon Apr 25 04:00:49 2022
starting MD5 encode of 21 bytes at Mon Apr 25 04:00:49 2022
starting MD5 Pycryptodome encode of 15 bytes at Mon Apr 25 04:00:49 2022
