start log
 start AES encrypt at Thu Mar 17 22:49:41 2022
 start AES encrypt at Thu Mar 17 22:54:58 2022
 start AES encrypt at Thu Mar 17 22:56:31 2022
 start AES encrypt at Thu Mar 17 22:57:13 2022
 start AES encrypt at Thu Mar 17 22:58:38 2022
 start AES encrypt at Thu Mar 17 22:59:18 2022
 start AES encrypt at Thu Mar 17 23:00:54 2022
 start AES encrypt at Thu Mar 17 23:01:19 2022
 start AES encrypt at Thu Mar 17 23:05:07 2022
 start AES encrypt at Thu Mar 17 23:05:37 2022
 start AES encrypt at Thu Mar 17 23:07:06 2022
 start AES encrypt at Thu Mar 17 23:07:30 2022
 start AES encrypt at Thu Mar 17 23:10:49 2022
 starting AES 256 encrypt at Thu Mar 17 23:36:36 2022
 ending AES 256 encrypt at Thu Mar 17 23:36:36 2022
 starting AES 256 encrypt at Thu Mar 17 23:37:16 2022
 ending AES 256 encrypt at Thu Mar 17 23:37:16 2022
 starting AES 256 encrypt at Thu Mar 17 23:39:53 2022
 ending AES 256 encrypt at Thu Mar 17 23:39:54 2022
 starting AES 256 encrypt at Thu Mar 17 23:40:28 2022
 ending AES 256 encrypt at Thu Mar 17 23:40:29 2022
 starting AES 256 encrypt at Thu Mar 17 23:40:47 2022
 ending AES 256 encrypt at Thu Mar 17 23:40:48 2022
 starting AES 256 encrypt at Thu Mar 17 23:42:44 2022
 ending AES 256 encrypt at Thu Mar 17 23:42:45 2022
 starting AES 256 encrypt at Thu Mar 17 23:48:11 2022
 ending AES 256 encrypt at Thu Mar 17 23:48:12 2022
 starting AES 256 encrypt of 20 bytes at Wed Mar 30 16:52:59 2022
 starting AES 256 encrypt of 20 bytes at Wed Mar 30 16:57:17 2022
 starting AES 256 encrypt of 20 bytes at Wed Mar 30 17:02:59 2022
 starting AES 256 encrypt of 20 bytes at Wed Mar 30 17:03:36 2022
 starting AES 256 encrypt of 20 bytes at Wed Mar 30 17:05:02 2022
 starting AES 256 encrypt of 20 bytes at Wed Mar 30 17:05:50 2022
 ending AES 256 encrypt of 20 bytes at Wed Mar 30 17:05:51 2022
 starting AES 256 encrypt of 20 bytes at Wed Mar 30 17:07:31 2022
 ending AES 256 encrypt of 20 bytes at Wed Mar 30 17:07:32 2022
 starting AES 256 encrypt of 20 bytes at Wed Mar 30 17:33:03 2022
 ending AES 256 encrypt of 20 bytes at Wed Mar 30 17:33:04 2022
 starting AES 256 encrypt of 20 bytes at Wed Mar 30 18:05:33 2022
 ending AES 256 encrypt of 20 bytes at Wed Mar 30 18:05:34 2022
starting AES 256 encrypt of 20 bytes at Wed Mar 30 18:18:25 2022
ending AES 256 encrypt of 20 bytes at Wed Mar 30 18:18:26 2022
starting AES 256 encrypt of 20 bytes at Wed Mar 30 19:41:46 2022
ending AES 256 encrypt of 20 bytes at Wed Mar 30 19:41:47 2022
starting AES 256 encrypt of 20 bytes at Wed Mar 30 19:58:43 2022
ending AES 256 encrypt of 20 bytes at Wed Mar 30 19:58:44 2022
starting AES 256 encrypt of 20 bytes at Wed Mar 30 19:59:30 2022
ending AES 256 encrypt of 20 bytes at Wed Mar 30 19:59:31 2022
starting AES 256 encrypt of 20 bytes at Wed Mar 30 20:04:00 2022
ending AES 256 encrypt of 20 bytes at Wed Mar 30 20:04:01 2022
starting AES 256 encrypt of 1048687 bytes at Wed Mar 30 20:18:06 2022
ending AES 256 encrypt of 1048687 bytes at Wed Mar 30 20:18:07 2022
starting AES 256 encrypt of 1048687 bytes at Wed Mar 30 20:20:33 2022
ending AES 256 encrypt of 1048687 bytes at Wed Mar 30 20:20:34 2022
starting AES 256 encrypt of 1048687 bytes at Wed Mar 30 21:07:16 2022
ending AES 256 encrypt of 1048687 bytes at Wed Mar 30 21:07:17 2022
starting AES 256 encrypt of 20 bytes at Wed Mar 30 21:24:19 2022
ending AES 256 encrypt of 20 bytes at Wed Mar 30 21:24:20 2022
